<?xml version="1.0" encoding="UTF-8"?>
<!-- Generated by org.testng.reporters.JUnitReportReporter -->
<testsuite hostname="MSI" failures="0" tests="1" name="TestCases.TC005_AddToCartTest" time="0.736" errors="0" timestamp="2025-08-05T13:28:37 IST" skipped="0">
  <testcase classname="TestCases.TC005_AddToCartTest" name="addtoCartVerfication" time="0.736"/>
</testsuite> <!-- TestCases.TC005_AddToCartTest -->
