<?xml version="1.0" encoding="UTF-8"?>
<!-- Generated by org.testng.reporters.JUnitReportReporter -->
<testsuite hostname="MSI" failures="0" tests="1" name="TestCases.TC008_WishListTest" time="5.126" errors="0" timestamp="2025-08-10T11:33:20 IST" skipped="0">
  <testcase classname="TestCases.TC008_WishListTest" name="wishListTesting" time="5.126"/>
</testsuite> <!-- TestCases.TC008_WishListTest -->
