<?xml version="1.0" encoding="UTF-8"?>
<!-- Generated by org.testng.reporters.JUnitReportReporter -->
<testsuite hostname="MSI" failures="0" tests="6" name="TestCases.TC003_DDTTest" time="29.237" errors="0" timestamp="2025-08-08T12:56:41 IST" skipped="0">
  <testcase classname="TestCases.TC003_DDTTest" name="verify_login" time="5.914"/>
  <testcase classname="TestCases.TC003_DDTTest" name="verify_login" time="6.550"/>
  <testcase classname="TestCases.TC003_DDTTest" name="verify_login" time="2.611"/>
  <testcase classname="TestCases.TC003_DDTTest" name="verify_login" time="1.787"/>
  <testcase classname="TestCases.TC003_DDTTest" name="verify_login" time="5.931"/>
  <testcase classname="TestCases.TC003_DDTTest" name="verify_login" time="6.444"/>
</testsuite> <!-- TestCases.TC003_DDTTest -->
