<?xml version="1.0" encoding="UTF-8"?>
<!-- Generated by org.testng.reporters.JUnitReportReporter -->
<testsuite hostname="MSI" failures="0" tests="1" name="TestCases.TC_004_SearchingTest" time="1.035" errors="0" timestamp="2025-08-05T12:18:48 IST" skipped="0">
  <testcase classname="TestCases.TC_004_SearchingTest" name="search" time="1.035"/>
</testsuite> <!-- TestCases.TC_004_SearchingTest -->
