<?xml version="1.0" encoding="UTF-8"?>
<!-- Generated by org.testng.reporters.JUnitReportReporter -->
<testsuite hostname="MSI" failures="0" tests="6" name="TestCases.TC003_DDTTest" time="30.343" errors="0" timestamp="2025-08-05T13:28:37 IST" skipped="0">
  <testcase classname="TestCases.TC003_DDTTest" name="verify_login" time="2.128"/>
  <testcase classname="TestCases.TC003_DDTTest" name="verify_login" time="2.032"/>
  <testcase classname="TestCases.TC003_DDTTest" name="verify_login" time="6.660"/>
  <testcase classname="TestCases.TC003_DDTTest" name="verify_login" time="6.239"/>
  <testcase classname="TestCases.TC003_DDTTest" name="verify_login" time="6.458"/>
  <testcase classname="TestCases.TC003_DDTTest" name="verify_login" time="6.826"/>
</testsuite> <!-- TestCases.TC003_DDTTest -->
