<?xml version="1.0" encoding="UTF-8"?>
<!-- Generated by org.testng.reporters.JUnitReportReporter -->
<testsuite hostname="MSI" failures="0" tests="6" name="TestCases.TC003_DDTTest" time="28.554" errors="0" timestamp="2025-08-10T11:33:20 IST" skipped="0">
  <testcase classname="TestCases.TC003_DDTTest" name="verify_login" time="2.124"/>
  <testcase classname="TestCases.TC003_DDTTest" name="verify_login" time="6.368"/>
  <testcase classname="TestCases.TC003_DDTTest" name="verify_login" time="5.865"/>
  <testcase classname="TestCases.TC003_DDTTest" name="verify_login" time="5.591"/>
  <testcase classname="TestCases.TC003_DDTTest" name="verify_login" time="2.500"/>
  <testcase classname="TestCases.TC003_DDTTest" name="verify_login" time="6.106"/>
</testsuite> <!-- TestCases.TC003_DDTTest -->
