<?xml version="1.0" encoding="UTF-8"?>
<!-- Generated by org.testng.reporters.JUnitReportReporter -->
<testsuite hostname="MSI" failures="0" tests="1" name="TestCases.TC002_LoginTest" time="1.607" errors="0" timestamp="2025-08-09T11:29:08 IST" skipped="0">
  <testcase classname="TestCases.TC002_LoginTest" name="login" time="1.607"/>
</testsuite> <!-- TestCases.TC002_LoginTest -->
