<?xml version="1.0" encoding="UTF-8"?>
<!-- Generated by org.testng.reporters.JUnitReportReporter -->
<testsuite hostname="MSI" failures="0" tests="1" name="TestCases.TC006_CurrencyTest" time="0.004" errors="0" timestamp="2025-08-06T16:51:08 IST" skipped="0">
  <testcase classname="TestCases.TC006_CurrencyTest" name="currencyTest" time="0.004"/>
</testsuite> <!-- TestCases.TC006_CurrencyTest -->
