<?xml version="1.0" encoding="UTF-8"?>
<!-- Generated by org.testng.reporters.JUnitReportReporter -->
<testsuite hostname="MSI" failures="0" tests="6" name="TestCases.TC003_DDTTest" time="33.104" errors="0" timestamp="2025-08-06T17:51:11 IST" skipped="0">
  <testcase classname="TestCases.TC003_DDTTest" name="verify_login" time="6.326"/>
  <testcase classname="TestCases.TC003_DDTTest" name="verify_login" time="7.337"/>
  <testcase classname="TestCases.TC003_DDTTest" name="verify_login" time="3.190"/>
  <testcase classname="TestCases.TC003_DDTTest" name="verify_login" time="6.689"/>
  <testcase classname="TestCases.TC003_DDTTest" name="verify_login" time="2.570"/>
  <testcase classname="TestCases.TC003_DDTTest" name="verify_login" time="6.992"/>
</testsuite> <!-- TestCases.TC003_DDTTest -->
