<?xml version="1.0" encoding="UTF-8"?>
<!-- Generated by org.testng.reporters.JUnitReportReporter -->
<testsuite hostname="MSI" failures="0" tests="1" name="TestCases.TC002_AccountLoginTest" time="1.431" errors="0" timestamp="2025-08-03T07:15:04 IST" skipped="0">
  <testcase classname="TestCases.TC002_AccountLoginTest" name="login" time="1.431"/>
</testsuite> <!-- TestCases.TC002_AccountLoginTest -->
