<?xml version="1.0" encoding="UTF-8"?>
<!-- Generated by org.testng.reporters.JUnitReportReporter -->
<testsuite hostname="MSI" failures="0" tests="6" name="TestCases.TC003_DDTTest" time="49.327" errors="0" timestamp="2025-08-09T11:29:08 IST" skipped="0">
  <testcase classname="TestCases.TC003_DDTTest" name="verify_login" time="10.942"/>
  <testcase classname="TestCases.TC003_DDTTest" name="verify_login" time="1.717"/>
  <testcase classname="TestCases.TC003_DDTTest" name="verify_login" time="11.712"/>
  <testcase classname="TestCases.TC003_DDTTest" name="verify_login" time="2.287"/>
  <testcase classname="TestCases.TC003_DDTTest" name="verify_login" time="11.479"/>
  <testcase classname="TestCases.TC003_DDTTest" name="verify_login" time="11.190"/>
</testsuite> <!-- TestCases.TC003_DDTTest -->
