<?xml version="1.0" encoding="UTF-8"?>
<!-- Generated by org.testng.reporters.JUnitReportReporter -->
<testsuite hostname="MSI" failures="0" tests="1" name="TestCases.TC010_AddToCompareTest" time="2.453" errors="0" timestamp="2025-08-11T12:43:00 IST" skipped="0">
  <testcase classname="TestCases.TC010_AddToCompareTest" name="addtocompareTest" time="2.453"/>
</testsuite> <!-- TestCases.TC010_AddToCompareTest -->
