<?xml version="1.0" encoding="UTF-8"?>
<!-- Generated by org.testng.reporters.JUnitReportReporter -->
<testsuite hostname="MSI" failures="0" tests="1" name="TestCases.TC002_LoginTest" time="2.129" errors="0" timestamp="2025-08-08T12:56:41 IST" skipped="0">
  <testcase classname="TestCases.TC002_LoginTest" name="login" time="2.129"/>
</testsuite> <!-- TestCases.TC002_LoginTest -->
