<?xml version="1.0" encoding="UTF-8"?>
<!-- Generated by org.testng.reporters.JUnitReportReporter -->
<testsuite hostname="MSI" failures="0" tests="1" name="TestCases.TC002_LoginTest" time="2.307" errors="0" timestamp="2025-08-06T12:54:37 IST" skipped="0">
  <testcase classname="TestCases.TC002_LoginTest" name="login" time="2.307"/>
</testsuite> <!-- TestCases.TC002_LoginTest -->
