<?xml version="1.0" encoding="UTF-8"?>
<!-- Generated by org.testng.reporters.JUnitReportReporter -->
<testsuite hostname="MSI" failures="0" tests="1" name="TestCases.TC009_HoverMenuNavigationTest" time="0.913" errors="0" timestamp="2025-08-11T12:45:31 IST" skipped="0">
  <testcase classname="TestCases.TC009_HoverMenuNavigationTest" name="navigationTest" time="0.913"/>
</testsuite> <!-- TestCases.TC009_HoverMenuNavigationTest -->
