<?xml version="1.0" encoding="UTF-8"?>
<!-- Generated by org.testng.reporters.JUnitReportReporter -->
<testsuite hostname="MSI" failures="0" tests="1" name="TestCases.TC006_CurrencyChangeTest" time="1.780" errors="0" timestamp="2025-08-09T11:43:35 IST" skipped="0">
  <testcase classname="TestCases.TC006_CurrencyChangeTest" name="currencyTest" time="1.780"/>
</testsuite> <!-- TestCases.TC006_CurrencyChangeTest -->
