<?xml version="1.0" encoding="UTF-8"?>
<!-- Generated by org.testng.reporters.JUnitReportReporter -->
<testsuite hostname="MSI" failures="0" tests="1" name="TestCases.TC001_AccountRegistrationTest" time="2.679" errors="0" timestamp="2025-08-06T11:02:34 IST" skipped="0">
  <testcase classname="TestCases.TC001_AccountRegistrationTest" name="register" time="2.679"/>
</testsuite> <!-- TestCases.TC001_AccountRegistrationTest -->
