<?xml version="1.0" encoding="UTF-8"?>
<!-- Generated by org.testng.reporters.JUnitReportReporter -->
<testsuite hostname="MSI" failures="0" tests="6" name="TestCases.TC003_DDTTest" time="30.644" errors="0" timestamp="2025-08-06T12:54:37 IST" skipped="0">
  <testcase classname="TestCases.TC003_DDTTest" name="verify_login" time="5.694"/>
  <testcase classname="TestCases.TC003_DDTTest" name="verify_login" time="1.936"/>
  <testcase classname="TestCases.TC003_DDTTest" name="verify_login" time="6.953"/>
  <testcase classname="TestCases.TC003_DDTTest" name="verify_login" time="7.271"/>
  <testcase classname="TestCases.TC003_DDTTest" name="verify_login" time="2.507"/>
  <testcase classname="TestCases.TC003_DDTTest" name="verify_login" time="6.283"/>
</testsuite> <!-- TestCases.TC003_DDTTest -->
