<?xml version="1.0" encoding="UTF-8"?>
<!-- Generated by org.testng.reporters.JUnitReportReporter -->
<testsuite hostname="MSI" failures="0" tests="1" name="TestCases.TC007_EndToEndTest" time="7.328" errors="0" timestamp="2025-08-09T11:43:35 IST" skipped="0">
  <testcase classname="TestCases.TC007_EndToEndTest" name="endToEndTesting" time="7.328"/>
</testsuite> <!-- TestCases.TC007_EndToEndTest -->
