<?xml version="1.0" encoding="UTF-8"?>
<!-- Generated by org.testng.reporters.JUnitReportReporter -->
<testsuite hostname="MSI" failures="0" tests="1" name="TestCases.TC001_AccountRegistrationTest" time="3.320" errors="0" timestamp="2025-08-06T18:11:18 IST" skipped="0">
  <testcase classname="TestCases.TC001_AccountRegistrationTest" name="register" time="3.320"/>
</testsuite> <!-- TestCases.TC001_AccountRegistrationTest -->
