<?xml version="1.0" encoding="UTF-8"?>
<!-- Generated by org.testng.reporters.JUnitReportReporter -->
<testsuite hostname="MSI" failures="0" tests="6" name="TestCases.TC003_DDTTest" time="30.714" errors="0" timestamp="2025-08-06T18:11:18 IST" skipped="0">
  <testcase classname="TestCases.TC003_DDTTest" name="verify_login" time="2.384"/>
  <testcase classname="TestCases.TC003_DDTTest" name="verify_login" time="6.992"/>
  <testcase classname="TestCases.TC003_DDTTest" name="verify_login" time="5.829"/>
  <testcase classname="TestCases.TC003_DDTTest" name="verify_login" time="2.807"/>
  <testcase classname="TestCases.TC003_DDTTest" name="verify_login" time="6.168"/>
  <testcase classname="TestCases.TC003_DDTTest" name="verify_login" time="6.534"/>
</testsuite> <!-- TestCases.TC003_DDTTest -->
