<?xml version="1.0" encoding="UTF-8"?>
<!-- Generated by org.testng.reporters.JUnitReportReporter -->
<testsuite hostname="MSI" failures="0" tests="1" name="TestCases.TC002_LoginTest" time="1.711" errors="0" timestamp="2025-08-11T12:45:31 IST" skipped="0">
  <testcase classname="TestCases.TC002_LoginTest" name="login" time="1.711"/>
</testsuite> <!-- TestCases.TC002_LoginTest -->
