<?xml version="1.0" encoding="UTF-8"?>
<!-- Generated by org.testng.reporters.JUnitReportReporter -->
<testsuite hostname="MSI" failures="0" tests="1" name="TestCases.TC004_SearchingTest" time="0.574" errors="0" timestamp="2025-08-06T11:02:34 IST" skipped="0">
  <testcase classname="TestCases.TC004_SearchingTest" name="search" time="0.574"/>
</testsuite> <!-- TestCases.TC004_SearchingTest -->
