<?xml version="1.0" encoding="UTF-8"?>
<!-- Generated by org.testng.reporters.JUnitReportReporter -->
<testsuite hostname="MSI" failures="0" tests="1" name="TestCases.TC008_WishListTest" time="4.989" errors="0" timestamp="2025-08-09T11:43:35 IST" skipped="0">
  <testcase classname="TestCases.TC008_WishListTest" name="wishListTesting" time="4.989"/>
</testsuite> <!-- TestCases.TC008_WishListTest -->
