<?xml version="1.0" encoding="UTF-8"?>
<!-- Generated by org.testng.reporters.JUnitReportReporter -->
<testsuite hostname="MSI" failures="0" tests="6" name="TestCases.TC003_DDTTest" time="28.253" errors="0" timestamp="2025-08-06T11:02:34 IST" skipped="0">
  <testcase classname="TestCases.TC003_DDTTest" name="verify_login" time="6.983"/>
  <testcase classname="TestCases.TC003_DDTTest" name="verify_login" time="1.925"/>
  <testcase classname="TestCases.TC003_DDTTest" name="verify_login" time="5.835"/>
  <testcase classname="TestCases.TC003_DDTTest" name="verify_login" time="2.114"/>
  <testcase classname="TestCases.TC003_DDTTest" name="verify_login" time="5.611"/>
  <testcase classname="TestCases.TC003_DDTTest" name="verify_login" time="5.785"/>
</testsuite> <!-- TestCases.TC003_DDTTest -->
