<?xml version="1.0" encoding="UTF-8"?>
<!-- Generated by org.testng.reporters.JUnitReportReporter -->
<testsuite hostname="MSI" failures="0" tests="6" name="TestCases.TC003_DDTTest" time="50.717" errors="0" timestamp="2025-08-09T11:43:35 IST" skipped="0">
  <testcase classname="TestCases.TC003_DDTTest" name="verify_login" time="11.718"/>
  <testcase classname="TestCases.TC003_DDTTest" name="verify_login" time="12.175"/>
  <testcase classname="TestCases.TC003_DDTTest" name="verify_login" time="1.983"/>
  <testcase classname="TestCases.TC003_DDTTest" name="verify_login" time="1.803"/>
  <testcase classname="TestCases.TC003_DDTTest" name="verify_login" time="11.767"/>
  <testcase classname="TestCases.TC003_DDTTest" name="verify_login" time="11.271"/>
</testsuite> <!-- TestCases.TC003_DDTTest -->
