<?xml version="1.0" encoding="UTF-8"?>
<!-- Generated by org.testng.reporters.JUnitReportReporter -->
<testsuite hostname="MSI" failures="0" tests="1" name="TestCases.TC007_EndToEndTest" time="7.550" errors="0" timestamp="2025-08-10T12:06:48 IST" skipped="0">
  <testcase classname="TestCases.TC007_EndToEndTest" name="endToEndTesting" time="7.550"/>
</testsuite> <!-- TestCases.TC007_EndToEndTest -->
