<?xml version="1.0" encoding="UTF-8"?>
<!-- Generated by org.testng.reporters.JUnitReportReporter -->
<testsuite hostname="MSI" failures="0" tests="6" name="TestCases.TC003_DDTTest" time="29.129" errors="0" timestamp="2025-08-10T12:06:48 IST" skipped="0">
  <testcase classname="TestCases.TC003_DDTTest" name="verify_login" time="6.175"/>
  <testcase classname="TestCases.TC003_DDTTest" name="verify_login" time="6.553"/>
  <testcase classname="TestCases.TC003_DDTTest" name="verify_login" time="1.834"/>
  <testcase classname="TestCases.TC003_DDTTest" name="verify_login" time="5.624"/>
  <testcase classname="TestCases.TC003_DDTTest" name="verify_login" time="2.330"/>
  <testcase classname="TestCases.TC003_DDTTest" name="verify_login" time="6.613"/>
</testsuite> <!-- TestCases.TC003_DDTTest -->
