<?xml version="1.0" encoding="UTF-8"?>
<!-- Generated by org.testng.reporters.JUnitReportReporter -->
<testsuite hostname="MSI" failures="0" tests="6" name="TestCases.TC003_DDTTest" time="30.391" errors="0" timestamp="2025-08-08T13:18:00 IST" skipped="0">
  <testcase classname="TestCases.TC003_DDTTest" name="verify_login" time="5.671"/>
  <testcase classname="TestCases.TC003_DDTTest" name="verify_login" time="2.302"/>
  <testcase classname="TestCases.TC003_DDTTest" name="verify_login" time="6.443"/>
  <testcase classname="TestCases.TC003_DDTTest" name="verify_login" time="6.564"/>
  <testcase classname="TestCases.TC003_DDTTest" name="verify_login" time="2.841"/>
  <testcase classname="TestCases.TC003_DDTTest" name="verify_login" time="6.570"/>
</testsuite> <!-- TestCases.TC003_DDTTest -->
