<?xml version="1.0" encoding="UTF-8"?>
<!-- Generated by org.testng.reporters.JUnitReportReporter -->
<testsuite hostname="MSI" failures="0" tests="6" name="TestCases.TC003_DDTTest" time="31.825" errors="0" timestamp="2025-08-11T12:45:31 IST" skipped="0">
  <testcase classname="TestCases.TC003_DDTTest" name="verify_login" time="2.743"/>
  <testcase classname="TestCases.TC003_DDTTest" name="verify_login" time="7.407"/>
  <testcase classname="TestCases.TC003_DDTTest" name="verify_login" time="6.609"/>
  <testcase classname="TestCases.TC003_DDTTest" name="verify_login" time="6.529"/>
  <testcase classname="TestCases.TC003_DDTTest" name="verify_login" time="6.242"/>
  <testcase classname="TestCases.TC003_DDTTest" name="verify_login" time="2.295"/>
</testsuite> <!-- TestCases.TC003_DDTTest -->
