<?xml version="1.0" encoding="UTF-8"?>
<!-- Generated by org.testng.reporters.JUnitReportReporter -->
<testsuite hostname="MSI" failures="0" tests="1" name="TestCases.TC001_AccountRegistrationTest" time="2.429" errors="0" timestamp="2025-08-10T12:06:48 IST" skipped="0">
  <testcase classname="TestCases.TC001_AccountRegistrationTest" name="register" time="2.429"/>
</testsuite> <!-- TestCases.TC001_AccountRegistrationTest -->
