<?xml version="1.0" encoding="UTF-8"?>
<!-- Generated by org.testng.reporters.JUnitReportReporter -->
<testsuite hostname="MSI" failures="0" tests="1" name="TestCases.TC009_HoverMenuNavigationTest" time="1.019" errors="0" timestamp="2025-08-10T12:06:49 IST" skipped="0">
  <testcase classname="TestCases.TC009_HoverMenuNavigationTest" name="navigationTest" time="1.019"/>
</testsuite> <!-- TestCases.TC009_HoverMenuNavigationTest -->
